This is pdfTeX, Version 3.14159265-2.6-1.40.15 (TeX Live 2014/Debian) (preloaded format=pdflatex 2014.12.29)  29 DEC 2014 15:27
entering extended mode
 restricted \write18 enabled.
 %&-line parsing enabled.
**conferences.tex
(./conferences.tex
LaTeX2e <2014/05/01>
Babel <3.9k> and hyphenation patterns for 5 languages loaded.
)
! Emergency stop.
<*> conferences.tex
                   
*** (job aborted, no legal \end found)

 
Here is how much of TeX's memory you used:
 5 strings out of 494959
 150 string characters out of 6179405
 46103 words of memory out of 5000000
 3327 multiletter control sequences out of 15000+600000
 3640 words of font info for 14 fonts, out of 8000000 for 9000
 40 hyphenation exceptions out of 8191
 5i,0n,1p,1b,8s stack positions out of 5000i,500n,10000p,200000b,80000s
!  ==> Fatal error occurred, no output PDF file produced!
